[02:01:47] [main/INFO] (FabricLoader/GameProvider) Loading Minecraft 1.20.2 with Fabric Loader 0.15.3
[02:01:47] [main/INFO] (FabricLoader) Loading 66 mods:
	- additionalentityattributes 1.5.0+1.20.2
	- apoli 2.11.4
	- calio 1.13.0
	- cardinal-components-base 5.3.0
	- cardinal-components-entity 5.3.0
	- cloth-basic-math 0.6.1
	- cloth-config 12.0.109
	- fabric-api 0.91.2+1.20.2
	- fabric-api-base 0.4.33+fce67b32a0
	- fabric-api-lookup-api-v1 1.6.42+b1792f7da0
	- fabric-biome-api-v1 13.0.14+b1792f7da0
	- fabric-block-api-v1 1.0.12+73761d2ea0
	- fabric-block-view-api-v2 1.0.1+73761d2ea0
	- fabric-blockrenderlayer-v1 1.1.43+f4b7e424a0
	- fabric-client-tags-api-v1 1.1.4+86b12645a0
	- fabric-command-api-v1 1.2.37+f71b366fa0
	- fabric-command-api-v2 2.2.16+b1792f7da0
	- fabric-commands-v0 0.2.54+df3654b3a0
	- fabric-containers-v0 0.1.78+df3654b3a0
	- fabric-content-registries-v0 5.0.5+b1792f7da0
	- fabric-convention-tags-v1 1.5.8+b1792f7da0
	- fabric-crash-report-info-v1 0.2.20+f4b7e424a0
	- fabric-data-generation-api-v1 13.1.8+b1792f7da0
	- fabric-dimensions-v1 2.1.57+b1792f7da0
	- fabric-entity-events-v1 1.5.26+b1792f7da0
	- fabric-events-interaction-v0 0.6.10+b1792f7da0
	- fabric-events-lifecycle-v0 0.2.69+df3654b3a0
	- fabric-game-rule-api-v1 1.0.42+a44e16a6a0
	- fabric-gametest-api-v1 1.2.16+b1792f7da0
	- fabric-item-api-v1 2.1.33+b1792f7da0
	- fabric-item-group-api-v1 4.0.15+e3d2bf3fa0
	- fabric-key-binding-api-v1 1.0.38+f4b7e424a0
	- fabric-keybindings-v0 0.2.36+df3654b3a0
	- fabric-lifecycle-events-v1 2.2.27+b1792f7da0
	- fabric-loot-api-v2 2.1.1+3ba460fba0
	- fabric-message-api-v1 6.0.2+e3d2bf3fa0
	- fabric-mining-level-api-v1 2.1.55+f4b7e424a0
	- fabric-model-loading-api-v1 1.0.6+b1792f7da0
	- fabric-models-v0 0.4.5+9386d8a7a0
	- fabric-networking-api-v1 3.1.2+95a8ac51a0
	- fabric-object-builder-api-v1 12.1.2+2ff98d3ba0
	- fabric-particles-v1 1.1.4+f4b7e424a0
	- fabric-recipe-api-v1 2.0.11+52b3ebe5a0
	- fabric-registry-sync-v0 4.0.9+b1792f7da0
	- fabric-renderer-api-v1 3.2.1+2034447ca0
	- fabric-renderer-indigo 1.5.1+2034447ca0
	- fabric-renderer-registries-v1 3.2.49+df3654b3a0
	- fabric-rendering-data-attachment-v1 0.3.39+73761d2ea0
	- fabric-rendering-fluids-v1 3.0.30+f4b7e424a0
	- fabric-rendering-v0 1.1.52+df3654b3a0
	- fabric-rendering-v1 3.0.11+b1792f7da0
	- fabric-resource-conditions-api-v1 2.3.11+239dafd8a0
	- fabric-resource-loader-v0 0.11.12+b1792f7da0
	- fabric-screen-api-v1 2.0.12+b1792f7da0
	- fabric-screen-handler-api-v1 1.3.44+b1792f7da0
	- fabric-sound-api-v1 1.0.14+f4b7e424a0
	- fabric-transfer-api-v1 3.3.12+4944b5a5a0
	- fabric-transitive-access-wideners-v1 5.0.3+fce67b32a0
	- fabricloader 0.15.3
	- java 17
	- minecraft 1.20.2
	- mixinextras 0.3.2
	- modid 1.12.3
	- modmenu 8.0.0
	- playerabilitylib 1.9.0
	- reach-entity-attributes 2.4.0
[02:01:47] [main/INFO] (FabricLoader/Mixin) SpongePowered MIXIN Subsystem Version=0.8.5 Source=file:/C:/Users/robin/.gradle/caches/modules-2/files-2.1/net.fabricmc/sponge-mixin/0.12.5+mixin.0.8.5/8d31fb97c3e0cd7c8dad3441851c523bcfae6d8e/sponge-mixin-0.12.5+mixin.0.8.5.jar Service=Knot/Fabric Env=CLIENT
[02:01:47] [main/INFO] (FabricLoader/Mixin) Loaded Fabric development mappings for mixin remapper!
[02:01:47] [main/INFO] (FabricLoader/Mixin) Compatibility level set to JAVA_16
[02:01:47] [main/INFO] (FabricLoader/Mixin) Compatibility level set to JAVA_17
[02:01:49] [main/INFO] (FabricLoader/MixinExtras|Service) Initializing MixinExtras via com.llamalad7.mixinextras.service.MixinExtrasServiceImpl(version=0.3.2).
[02:01:54] [Datafixer Bootstrap/INFO] (Minecraft) 192 Datafixer optimizations took 98 milliseconds
[02:01:57] [Render thread/INFO] (Minecraft) Environment: Environment[accountsHost=https://api.mojang.com, sessionHost=https://sessionserver.mojang.com, servicesHost=https://api.minecraftservices.com, name=PROD]
[02:01:58] [Render thread/ERROR] (Minecraft) Failed to verify authentication
com.mojang.authlib.exceptions.InvalidCredentialsException: Status: 401
	at com.mojang.authlib.exceptions.MinecraftClientHttpException.toAuthenticationException(MinecraftClientHttpException.java:59) ~[authlib-5.0.47.jar:?]
	at com.mojang.authlib.yggdrasil.YggdrasilUserApiService.fetchProperties(YggdrasilUserApiService.java:159) ~[authlib-5.0.47.jar:?]
	at com.mojang.authlib.yggdrasil.YggdrasilUserApiService.<init>(YggdrasilUserApiService.java:53) ~[authlib-5.0.47.jar:?]
	at com.mojang.authlib.yggdrasil.YggdrasilAuthenticationService.createUserApiService(YggdrasilAuthenticationService.java:55) ~[authlib-5.0.47.jar:?]
	at net.minecraft.client.MinecraftClient.createUserApiService(MinecraftClient.java:758) ~[minecraft-merged-e3cc9cdea2-1.20.2-net.fabricmc.yarn.1_20_2.1.20.2+build.4-v2.jar:?]
	at net.minecraft.client.MinecraftClient.<init>(MinecraftClient.java:515) ~[minecraft-merged-e3cc9cdea2-1.20.2-net.fabricmc.yarn.1_20_2.1.20.2+build.4-v2.jar:?]
	at net.minecraft.client.main.Main.main(Main.java:194) ~[minecraft-merged-e3cc9cdea2-1.20.2-net.fabricmc.yarn.1_20_2.1.20.2+build.4-v2.jar:?]
	at net.fabricmc.loader.impl.game.minecraft.MinecraftGameProvider.launch(MinecraftGameProvider.java:470) ~[fabric-loader-0.15.3.jar:?]
	at net.fabricmc.loader.impl.launch.knot.Knot.launch(Knot.java:74) ~[fabric-loader-0.15.3.jar:?]
	at net.fabricmc.loader.impl.launch.knot.KnotClient.main(KnotClient.java:23) ~[fabric-loader-0.15.3.jar:?]
	at net.fabricmc.devlaunchinjector.Main.main(Main.java:86) ~[dev-launch-injector-0.2.1+build.8.jar:?]
Caused by: com.mojang.authlib.exceptions.MinecraftClientHttpException: Status: 401
	at com.mojang.authlib.minecraft.client.MinecraftClient.readInputStream(MinecraftClient.java:100) ~[authlib-5.0.47.jar:?]
	at com.mojang.authlib.minecraft.client.MinecraftClient.get(MinecraftClient.java:57) ~[authlib-5.0.47.jar:?]
	at com.mojang.authlib.yggdrasil.YggdrasilUserApiService.fetchProperties(YggdrasilUserApiService.java:130) ~[authlib-5.0.47.jar:?]
	... 9 more
[02:01:58] [Render thread/INFO] (Minecraft) Setting user: Player592
[02:01:58] [Render thread/INFO] (fabric-networking-api-v1) Force Packet Serialization is enabled to mimic remote connection on single player, this is the default behaviour on dev env. Add -Dfabric-api.networking.force-packet-serialization=false JVM arg to disable it.
[02:01:58] [Render thread/INFO] (Apoli) Apoli 2.11.4 has initialized. Ready to power up your game!
[02:01:59] [Render thread/INFO] (Indigo) [Indigo] Registering Indigo renderer!
[02:01:59] [Worker-Main-2/INFO] (Mod Menu/Update Checker) Checking mod updates...
[02:01:59] [Render thread/INFO] (Minecraft) Backend library: LWJGL version 3.3.2-snapshot
[02:02:02] [Render thread/INFO] (Minecraft) Reloading ResourceManager: vanilla, fabric (fabric-crash-report-info-v1, calio, fabric-mining-level-api-v1, fabric-networking-api-v1, fabric-models-v0, fabric-rendering-v1, fabric-command-api-v1, fabric-containers-v0, cloth-config, fabric-biome-api-v1, fabric-rendering-data-attachment-v1, fabric-api-base, fabric-command-api-v2, fabric-key-binding-api-v1, fabric-recipe-api-v1, fabric-api-lookup-api-v1, fabric-convention-tags-v1, fabric-model-loading-api-v1, fabric-commands-v0, reach-entity-attributes, fabric-renderer-api-v1, fabric-transitive-access-wideners-v1, fabric-particles-v1, fabric-rendering-v0, fabricloader, fabric-renderer-indigo, fabric-keybindings-v0, fabric-resource-conditions-api-v1, fabric-resource-loader-v0, cardinal-components-entity, fabric-block-view-api-v2, fabric-blockrenderlayer-v1, fabric-item-group-api-v1, fabric-rendering-fluids-v1, fabric-events-interaction-v0, playerabilitylib, modmenu, fabric-registry-sync-v0, fabric-data-generation-api-v1, fabric-client-tags-api-v1, cardinal-components-base, fabric-content-registries-v0, apoli, fabric-screen-api-v1, fabric-events-lifecycle-v0, fabric-dimensions-v1, fabric-message-api-v1, fabric-item-api-v1, fabric-entity-events-v1, additionalentityattributes, fabric-renderer-registries-v1, fabric-loot-api-v2, fabric-sound-api-v1, fabric-block-api-v1, fabric-lifecycle-events-v1, fabric-gametest-api-v1, fabric-game-rule-api-v1, fabric-transfer-api-v1, fabric-object-builder-api-v1, fabric-api, fabric-screen-handler-api-v1)
[02:02:02] [Worker-Main-14/INFO] (Minecraft) Found unifont_all_no_pua-15.0.06.hex, loading
[02:02:03] [Render thread/WARN] (Minecraft) Missing sound for event: minecraft:item.goat_horn.play
[02:02:03] [Render thread/WARN] (Minecraft) Missing sound for event: minecraft:entity.goat.screaming.horn_break
[02:02:03] [Render thread/INFO] (Minecraft) OpenAL initialized on device OpenAL Soft on FxSound Speakers (FxSound Audio Enhancer)
[02:02:03] [Render thread/INFO] (Minecraft) Sound engine started
[02:02:03] [Render thread/INFO] (Minecraft) Created: 1024x512x4 minecraft:textures/atlas/blocks.png-atlas
[02:02:03] [Render thread/INFO] (Minecraft) Created: 256x256x4 minecraft:textures/atlas/signs.png-atlas
[02:02:03] [Render thread/INFO] (Minecraft) Created: 512x512x4 minecraft:textures/atlas/banner_patterns.png-atlas
[02:02:03] [Render thread/INFO] (Minecraft) Created: 512x512x4 minecraft:textures/atlas/shield_patterns.png-atlas
[02:02:03] [Render thread/INFO] (Minecraft) Created: 1024x1024x4 minecraft:textures/atlas/armor_trims.png-atlas
[02:02:03] [Render thread/INFO] (Minecraft) Created: 128x64x4 minecraft:textures/atlas/decorated_pot.png-atlas
[02:02:03] [Render thread/INFO] (Minecraft) Created: 256x256x4 minecraft:textures/atlas/chest.png-atlas
[02:02:03] [Render thread/INFO] (Minecraft) Created: 512x256x4 minecraft:textures/atlas/shulker_boxes.png-atlas
[02:02:03] [Render thread/INFO] (Minecraft) Created: 512x256x4 minecraft:textures/atlas/beds.png-atlas
[02:02:04] [Render thread/WARN] (Minecraft) Shader rendertype_entity_translucent_emissive could not find sampler named Sampler2 in the specified shader program.
[02:02:04] [Render thread/INFO] (Minecraft) Created: 256x256x0 minecraft:textures/atlas/particles.png-atlas
[02:02:04] [Render thread/INFO] (Minecraft) Created: 256x256x0 minecraft:textures/atlas/paintings.png-atlas
[02:02:04] [Render thread/INFO] (Minecraft) Created: 128x128x0 minecraft:textures/atlas/mob_effects.png-atlas
[02:02:04] [Render thread/INFO] (Minecraft) Created: 1024x512x0 minecraft:textures/atlas/gui.png-atlas
[02:02:09] [IO-Worker-1/INFO] (Minecraft) Could not authorize you against Realms server: Invalid session id
[02:02:09] [IO-Worker-1/ERROR] (Minecraft) Couldn't connect to realms
net.minecraft.client.realms.exception.RealmsServiceException: Realms authentication error with message 'Invalid session id'
	at net.minecraft.client.realms.RealmsClient.execute(RealmsClient.java:397) ~[minecraft-merged-e3cc9cdea2-1.20.2-net.fabricmc.yarn.1_20_2.1.20.2+build.4-v2.jar:?]
	at net.minecraft.client.realms.RealmsClient.clientCompatible(RealmsClient.java:191) ~[minecraft-merged-e3cc9cdea2-1.20.2-net.fabricmc.yarn.1_20_2.1.20.2+build.4-v2.jar:?]
	at net.minecraft.client.realms.RealmsAvailability.method_52627(RealmsAvailability.java:44) ~[minecraft-merged-e3cc9cdea2-1.20.2-net.fabricmc.yarn.1_20_2.1.20.2+build.4-v2.jar:?]
	at java.util.concurrent.CompletableFuture$AsyncSupply.run(CompletableFuture.java:1768) ~[?:?]
	at java.util.concurrent.ThreadPoolExecutor.runWorker(ThreadPoolExecutor.java:1136) ~[?:?]
	at java.util.concurrent.ThreadPoolExecutor$Worker.run(ThreadPoolExecutor.java:635) ~[?:?]
	at java.lang.Thread.run(Thread.java:833) ~[?:?]
[02:02:13] [Render thread/INFO] (Minecraft) Loaded 7 recipes
[02:02:13] [Render thread/INFO] (Minecraft) Loaded 1273 advancements
[02:02:13] [Render thread/INFO] (Apoli) Finished loading powers from data files. Registry contains 0 powers.
[02:02:13] [Render thread/INFO] (Apoli) Finished loading global power sets. Merging similar global power sets...
[02:02:13] [Render thread/INFO] (Apoli) Finished merging similar global power sets from data files. Loaded 0 global power sets.
[02:02:17] [Render thread/INFO] (BiomeModificationImpl) Applied 0 biome modifications to 0 of 64 new biomes in 1.712 ms
[02:02:17] [Server thread/INFO] (Minecraft) Starting integrated minecraft server version 1.20.2
[02:02:17] [Server thread/INFO] (Minecraft) Generating keypair
[02:02:19] [Server thread/INFO] (Minecraft) Preparing start region for dimension minecraft:overworld
[02:02:20] [Render thread/INFO] (Minecraft) Preparing spawn area: 0%
[02:02:20] [Render thread/INFO] (Minecraft) Preparing spawn area: 0%
[02:02:20] [Render thread/INFO] (Minecraft) Preparing spawn area: 0%
[02:02:21] [Render thread/INFO] (Minecraft) Preparing spawn area: 0%
[02:02:21] [Render thread/INFO] (Minecraft) Preparing spawn area: 2%
[02:02:22] [Render thread/INFO] (Minecraft) Preparing spawn area: 4%
[02:02:22] [Render thread/INFO] (Minecraft) Preparing spawn area: 4%
[02:02:23] [Render thread/INFO] (Minecraft) Preparing spawn area: 5%
[02:02:23] [Render thread/INFO] (Minecraft) Preparing spawn area: 9%
[02:02:24] [Render thread/INFO] (Minecraft) Preparing spawn area: 11%
[02:02:24] [Render thread/INFO] (Minecraft) Preparing spawn area: 15%
[02:02:25] [Render thread/INFO] (Minecraft) Preparing spawn area: 18%
[02:02:25] [Render thread/INFO] (Minecraft) Preparing spawn area: 24%
[02:02:26] [Render thread/INFO] (Minecraft) Preparing spawn area: 28%
[02:02:26] [Render thread/INFO] (Minecraft) Preparing spawn area: 33%
[02:02:27] [Render thread/INFO] (Minecraft) Preparing spawn area: 37%
[02:02:27] [Render thread/INFO] (Minecraft) Preparing spawn area: 43%
[02:02:28] [Render thread/INFO] (Minecraft) Preparing spawn area: 47%
[02:02:28] [Render thread/INFO] (Minecraft) Preparing spawn area: 51%
[02:02:29] [Render thread/INFO] (Minecraft) Preparing spawn area: 56%
[02:02:29] [Render thread/INFO] (Minecraft) Preparing spawn area: 61%
[02:02:30] [Render thread/INFO] (Minecraft) Preparing spawn area: 66%
[02:02:30] [Render thread/INFO] (Minecraft) Preparing spawn area: 69%
[02:02:31] [Render thread/INFO] (Minecraft) Preparing spawn area: 73%
[02:02:31] [Render thread/INFO] (Minecraft) Preparing spawn area: 79%
[02:02:32] [Render thread/INFO] (Minecraft) Preparing spawn area: 84%
[02:02:32] [Render thread/INFO] (Minecraft) Preparing spawn area: 86%
[02:02:33] [Render thread/INFO] (Minecraft) Preparing spawn area: 91%
[02:02:33] [Render thread/INFO] (Minecraft) Preparing spawn area: 98%
[02:02:33] [Render thread/INFO] (Minecraft) Time elapsed: 14148 ms
[02:02:33] [Server thread/INFO] (Minecraft) Changing view distance to 12, from 10
[02:02:33] [Server thread/INFO] (Minecraft) Changing simulation distance to 12, from 0
[02:02:34] [Server thread/INFO] (Minecraft) Player592[local:E:420de673] logged in with entity id 321 at (24.5, 72.0, -5.5)
[02:02:34] [Server thread/INFO] (Minecraft) Player592 joined the game
[02:02:35] [Render thread/INFO] (Minecraft) Loaded 2 advancements
[02:03:54] [Server thread/INFO] (Minecraft) [Player592: Reloading!]
[02:03:54] [Render thread/INFO] (Minecraft) [System] [CHAT] Reloading!
[02:03:54] [Server thread/INFO] (Minecraft) Loaded 7 recipes
[02:03:55] [Server thread/INFO] (Minecraft) Loaded 1273 advancements
[02:03:55] [Server thread/INFO] (Apoli) Finished loading powers from data files. Registry contains 1 powers.
[02:03:55] [Server thread/INFO] (Apoli) Finished loading global power sets. Merging similar global power sets...
[02:03:55] [Server thread/INFO] (Apoli) Finished merging similar global power sets from data files. Loaded 0 global power sets.
[02:03:55] [Render thread/INFO] (Minecraft) Loaded 2 advancements
[02:03:56] [Server thread/INFO] (Minecraft) [Player592: Entity Player592 was granted the power power.modid.example_power.name.]
[02:03:56] [Render thread/INFO] (Minecraft) [System] [CHAT] Entity Player592 was granted the power power.modid.example_power.name.
[02:04:39] [Server thread/INFO] (Minecraft) [Player592: Applied enchantment Soul Speed III to Player592's item]
[02:04:39] [Render thread/INFO] (Minecraft) [System] [CHAT] Applied enchantment Soul Speed III to Player592's item
[02:05:21] [Server thread/INFO] (Minecraft) Saving and pausing game...
[02:05:21] [Server thread/INFO] (Minecraft) Saving chunks for level 'ServerLevel[New World]'/minecraft:overworld
[02:05:21] [Server thread/INFO] (Minecraft) Saving chunks for level 'ServerLevel[New World]'/minecraft:the_end
[02:05:21] [Server thread/INFO] (Minecraft) Saving chunks for level 'ServerLevel[New World]'/minecraft:the_nether
[02:05:22] [Server thread/INFO] (Minecraft) Player592 lost connection: Disconnected
[02:05:22] [Server thread/INFO] (Minecraft) Player592 left the game
[02:05:22] [Server thread/INFO] (Minecraft) Stopping singleplayer server as player logged out
[02:05:22] [Server thread/INFO] (Minecraft) Stopping server
[02:05:22] [Server thread/INFO] (Minecraft) Saving players
[02:05:22] [Server thread/INFO] (Minecraft) Saving worlds
[02:05:23] [Server thread/INFO] (Minecraft) Saving chunks for level 'ServerLevel[New World]'/minecraft:overworld
[02:05:29] [Server thread/INFO] (Minecraft) Saving chunks for level 'ServerLevel[New World]'/minecraft:the_end
[02:05:29] [Server thread/INFO] (Minecraft) Saving chunks for level 'ServerLevel[New World]'/minecraft:the_nether
[02:05:29] [Server thread/INFO] (Minecraft) ThreadedAnvilChunkStorage (New World): All chunks are saved
[02:05:29] [Server thread/INFO] (Minecraft) ThreadedAnvilChunkStorage (DIM1): All chunks are saved
[02:05:29] [Server thread/INFO] (Minecraft) ThreadedAnvilChunkStorage (DIM-1): All chunks are saved
[02:05:29] [Server thread/INFO] (Minecraft) ThreadedAnvilChunkStorage: All dimensions are saved
